\BOOKMARK [1][-]{section.1}{Introduction}{}% 1
\BOOKMARK [1][-]{section.2}{Theory}{}% 2
\BOOKMARK [2][-]{subsection.2.1}{The Standard Model}{section.2}% 3
\BOOKMARK [2][-]{subsection.2.2}{Hadrons and the Strong Force}{section.2}% 4
\BOOKMARK [2][-]{subsection.2.3}{The Structure of Protons}{section.2}% 5
\BOOKMARK [2][-]{subsection.2.4}{Extensions to the SM}{section.2}% 6
\BOOKMARK [1][-]{section.3}{The ATLAS Detector}{}% 7
\BOOKMARK [2][-]{subsection.3.1}{Inner Detector}{section.3}% 8
\BOOKMARK [2][-]{subsection.3.2}{Outer Layers}{section.3}% 9
\BOOKMARK [3][-]{subsubsection.3.2.1}{Electromagnetic Calorimeter}{subsection.3.2}% 10
\BOOKMARK [3][-]{subsubsection.3.2.2}{Hadron Calorimeter}{subsection.3.2}% 11
\BOOKMARK [3][-]{subsubsection.3.2.3}{Muon Spectrometer}{subsection.3.2}% 12
\BOOKMARK [1][-]{section.4}{Procedure}{}% 13
\BOOKMARK [2][-]{subsection.4.1}{ATLANTIS}{section.4}% 14
\BOOKMARK [3][-]{subsubsection.4.1.1}{Electron Energy}{subsection.4.1}% 15
\BOOKMARK [3][-]{subsubsection.4.1.2}{Muon Momentum Comparison}{subsection.4.1}% 16
\BOOKMARK [2][-]{subsection.4.2}{Electron energy calibration}{section.4}% 17
\BOOKMARK [2][-]{subsection.4.3}{Measurement of the W-boson mass}{section.4}% 18
\BOOKMARK [2][-]{subsection.4.4}{Cross-check using ATLAS ee pair data}{section.4}% 19
\BOOKMARK [3][-]{subsubsection.4.4.1}{Error sources}{subsection.4.4}% 20
\BOOKMARK [1][-]{section.5}{Results}{}% 21
\BOOKMARK [1][-]{section.6}{Conclusion}{}% 22
\BOOKMARK [1][-]{section*.1}{References}{}% 23
\BOOKMARK [1][-]{section.7}{Code}{}% 24
