\BOOKMARK [1][-]{section.1}{Introduction}{}% 1
\BOOKMARK [1][-]{section.2}{Theory}{}% 2
\BOOKMARK [2][-]{subsection.2.1}{Saturation Spectroscopy}{section.2}% 3
\BOOKMARK [2][-]{subsection.2.2}{Polarisation Spectroscopy}{section.2}% 4
\BOOKMARK [2][-]{subsection.2.3}{Optical Cooling}{section.2}% 5
\BOOKMARK [2][-]{subsection.2.4}{Magneto-Optical Trap}{section.2}% 6
\BOOKMARK [3][-]{subsubsection.2.4.1}{Optical Trap}{subsection.2.4}% 7
\BOOKMARK [3][-]{subsubsection.2.4.2}{Magnetic Trap}{subsection.2.4}% 8
\BOOKMARK [2][-]{subsection.2.5}{Rubidium}{section.2}% 9
\BOOKMARK [1][-]{section.3}{Experimental setup}{}% 10
\BOOKMARK [2][-]{subsection.3.1}{Diode Laser}{section.3}% 11
\BOOKMARK [2][-]{subsection.3.2}{Laser Detuning}{section.3}% 12
\BOOKMARK [2][-]{subsection.3.3}{MOT setup}{section.3}% 13
\BOOKMARK [1][-]{section.4}{Procedure}{}% 14
\BOOKMARK [1][-]{section.5}{Measurements}{}% 15
\BOOKMARK [2][-]{subsection.5.1}{Laser beam diameter}{section.5}% 16
\BOOKMARK [2][-]{subsection.5.2}{Size of MOT}{section.5}% 17
\BOOKMARK [2][-]{subsection.5.3}{Changing the magnetic field}{section.5}% 18
\BOOKMARK [2][-]{subsection.5.4}{Loading behaviour}{section.5}% 19
\BOOKMARK [1][-]{section.6}{Conclusion}{}% 20
\BOOKMARK [1][-]{section*.1}{References}{}% 21
