\BOOKMARK [1][-]{section.1}{Introduction}{}% 1
\BOOKMARK [1][-]{section.2}{Theory}{}% 2
<<<<<<< HEAD
\BOOKMARK [2][-]{subsection.2.1}{The Standard Model}{section.2}% 3
\BOOKMARK [2][-]{subsection.2.2}{Hadrons and the Strong Force}{section.2}% 4
\BOOKMARK [2][-]{subsection.2.3}{Multiplets}{section.2}% 5
\BOOKMARK [2][-]{subsection.2.4}{Bubble Chamber}{section.2}% 6
\BOOKMARK [1][-]{section.3}{Experimental Method}{}% 7
\BOOKMARK [1][-]{section.4}{Procedure}{}% 8
\BOOKMARK [2][-]{subsection.4.1}{Magnification}{section.4}% 9
\BOOKMARK [2][-]{subsection.4.2}{Scattering events}{section.4}% 10
\BOOKMARK [1][-]{section.5}{Conclusion}{}% 11
\BOOKMARK [1][-]{section*.1}{References}{}% 12
=======
\BOOKMARK [1][-]{section.3}{Experimental setup}{}% 3
\BOOKMARK [1][-]{section.4}{Procedure}{}% 4
\BOOKMARK [2][-]{subsection.4.1}{Magnification}{section.4}% 5
\BOOKMARK [2][-]{subsection.4.2}{Scattering events}{section.4}% 6
\BOOKMARK [1][-]{section.5}{Conclusion}{}% 7
\BOOKMARK [1][-]{section*.1}{References}{}% 8
>>>>>>> a7402e8ad3ec4462feb9fd11d74f8c773382361f
